<?xml version="1.0" encoding="UTF-8"?>
<testsuite name="com.csc.TestCalculator" tests="13" skipped="0" failures="0" errors="0" timestamp="2024-12-13T22:04:27" hostname="Dakotas-Laptop.local" time="0.021">
  <properties/>
  <testcase name="testOddsOnly()" classname="com.csc.TestCalculator" time="0.007"/>
  <testcase name="testAverageUsingForLoop()" classname="com.csc.TestCalculator" time="0.0"/>
  <testcase name="testSumUsingStream()" classname="com.csc.TestCalculator" time="0.001"/>
  <testcase name="testIncrementSquared()" classname="com.csc.TestCalculator" time="0.001"/>
  <testcase name="testMinimumUsingStream()" classname="com.csc.TestCalculator" time="0.001"/>
  <testcase name="testEvensOnly()" classname="com.csc.TestCalculator" time="0.001"/>
  <testcase name="testIncrementFive()" classname="com.csc.TestCalculator" time="0.0"/>
  <testcase name="testAverageUsingStream()" classname="com.csc.TestCalculator" time="0.001"/>
  <testcase name="testMinimumUsingForLoop()" classname="com.csc.TestCalculator" time="0.0"/>
  <testcase name="testMaximumUsingStream()" classname="com.csc.TestCalculator" time="0.001"/>
  <testcase name="testMaximumUsingForLoop()" classname="com.csc.TestCalculator" time="0.0"/>
  <testcase name="testSumUsingForLoop()" classname="com.csc.TestCalculator" time="0.001"/>
  <testcase name="itWorks()" classname="com.csc.TestCalculator" time="0.0"/>
  <system-out><![CDATA[]]></system-out>
  <system-err><![CDATA[]]></system-err>
</testsuite>
