<?xml version="1.0" encoding="UTF-8"?>
<testsuite name="com.csc.TestCalculator" tests="9" skipped="0" failures="0" errors="0" timestamp="2024-12-08T23:39:16" hostname="Dakotas-Laptop.local" time="0.021">
  <properties/>
  <testcase name="testmaxUsingStream()" classname="com.csc.TestCalculator" time="0.01"/>
  <testcase name="testavgUsingForLoop()" classname="com.csc.TestCalculator" time="0.001"/>
  <testcase name="testsumUsingForLoop()" classname="com.csc.TestCalculator" time="0.0"/>
  <testcase name="testminUsingStream()" classname="com.csc.TestCalculator" time="0.001"/>
  <testcase name="testminUsingForLoop()" classname="com.csc.TestCalculator" time="0.001"/>
  <testcase name="testavgUsingStream()" classname="com.csc.TestCalculator" time="0.002"/>
  <testcase name="testsumUsingStream()" classname="com.csc.TestCalculator" time="0.001"/>
  <testcase name="testMaximumUsingForLoop()" classname="com.csc.TestCalculator" time="0.001"/>
  <testcase name="itWorks()" classname="com.csc.TestCalculator" time="0.001"/>
  <system-out><![CDATA[]]></system-out>
  <system-err><![CDATA[]]></system-err>
</testsuite>
